[debug] [2026-01-23T17:44:26.657Z] ----------------------------------------------------------------------
[debug] [2026-01-23T17:44:26.661Z] Command:       C:\Program Files\nodejs\node.exe C:\Users\--------------------\AppData\Roaming\npm\node_modules\firebase-tools\lib\bin\firebase.js hosting:channel:deploy preview_temp --debug
[debug] [2026-01-23T17:44:26.662Z] CLI Version:   15.3.1
[debug] [2026-01-23T17:44:26.662Z] Platform:      win32
[debug] [2026-01-23T17:44:26.662Z] Node Version:  v24.12.0
[debug] [2026-01-23T17:44:26.662Z] Time:          Fri Jan 23 2026 20:44:26 GMT+0300 (التوقيت العربي الرسمي)
[debug] [2026-01-23T17:44:26.663Z] ----------------------------------------------------------------------
[debug] 
[debug] [2026-01-23T17:44:29.939Z] > command requires scopes: ["email","openid","https://www.googleapis.com/auth/cloudplatformprojects.readonly","https://www.googleapis.com/auth/firebase","https://www.googleapis.com/auth/cloud-platform"]
[debug] [2026-01-23T17:44:29.941Z] > authorizing via signed-in user (aabbalal2@gmail.com)
[debug] [2026-01-23T17:44:29.941Z] [iam] checking project studio-4224486386-c415c for permissions ["firebase.projects.get","firebasehosting.sites.update"]
[debug] [2026-01-23T17:44:29.943Z] Checked if tokens are valid: true, expires at: 1769193342608
[debug] [2026-01-23T17:44:29.943Z] Checked if tokens are valid: true, expires at: 1769193342608
[debug] [2026-01-23T17:44:29.945Z] >>> [apiv2][query] POST https://cloudresourcemanager.googleapis.com/v1/projects/studio-4224486386-c415c:testIamPermissions [none]
[debug] [2026-01-23T17:44:29.945Z] >>> [apiv2][(partial)header] POST https://cloudresourcemanager.googleapis.com/v1/projects/studio-4224486386-c415c:testIamPermissions x-goog-quota-user=projects/studio-4224486386-c415c
[debug] [2026-01-23T17:44:29.946Z] >>> [apiv2][body] POST https://cloudresourcemanager.googleapis.com/v1/projects/studio-4224486386-c415c:testIamPermissions {"permissions":["firebase.projects.get","firebasehosting.sites.update"]}
[debug] [2026-01-23T17:44:31.543Z] <<< [apiv2][status] POST https://cloudresourcemanager.googleapis.com/v1/projects/studio-4224486386-c415c:testIamPermissions 200
[debug] [2026-01-23T17:44:31.544Z] <<< [apiv2][body] POST https://cloudresourcemanager.googleapis.com/v1/projects/studio-4224486386-c415c:testIamPermissions {"permissions":["firebase.projects.get","firebasehosting.sites.update"]}
[debug] [2026-01-23T17:44:31.545Z] Checked if tokens are valid: true, expires at: 1769193342608
[debug] [2026-01-23T17:44:31.546Z] Checked if tokens are valid: true, expires at: 1769193342608
[debug] [2026-01-23T17:44:31.547Z] >>> [apiv2][query] GET https://firebase.googleapis.com/v1beta1/projects/studio-4224486386-c415c [none]
[debug] [2026-01-23T17:44:32.175Z] <<< [apiv2][status] GET https://firebase.googleapis.com/v1beta1/projects/studio-4224486386-c415c 200
[debug] [2026-01-23T17:44:32.176Z] <<< [apiv2][body] GET https://firebase.googleapis.com/v1beta1/projects/studio-4224486386-c415c {"projectId":"studio-4224486386-c415c","projectNumber":"22825552150","displayName":"Firebase app","name":"projects/studio-4224486386-c415c","resources":{"hostingSite":"studio-4224486386-c415c"},"state":"ACTIVE","etag":"1_4e922e63-fb18-46da-bfc6-691790cda931"}
[debug] [2026-01-23T17:44:32.179Z] Checked if tokens are valid: true, expires at: 1769193342608
[debug] [2026-01-23T17:44:32.180Z] Checked if tokens are valid: true, expires at: 1769193342608
[debug] [2026-01-23T17:44:32.181Z] >>> [apiv2][query] GET https://firebasehosting.googleapis.com/v1beta1/projects/studio-4224486386-c415c/sites/studio-4224486386-c415c/channels/preview-temp [none]
[debug] [2026-01-23T17:44:33.323Z] <<< [apiv2][status] GET https://firebasehosting.googleapis.com/v1beta1/projects/studio-4224486386-c415c/sites/studio-4224486386-c415c/channels/preview-temp 200
[debug] [2026-01-23T17:44:33.324Z] <<< [apiv2][body] GET https://firebasehosting.googleapis.com/v1beta1/projects/studio-4224486386-c415c/sites/studio-4224486386-c415c/channels/preview-temp {"name":"projects/studio-4224486386-c415c/sites/studio-4224486386-c415c/channels/preview-temp","url":"https://studio-4224486386-c415c--preview-temp-vc8q6feb.web.app","createTime":"2026-01-23T17:37:20.876426875Z","updateTime":"2026-01-23T17:41:41.520236975Z","retainedReleaseCount":10,"expireTime":"2026-01-30T17:41:41.520236975Z"}
[debug] [2026-01-23T17:44:33.324Z] [hosting] found existing channel for site studio-4224486386-c415c {"name":"projects/studio-4224486386-c415c/sites/studio-4224486386-c415c/channels/preview-temp","url":"https://studio-4224486386-c415c--preview-temp-vc8q6feb.web.app","createTime":"2026-01-23T17:37:20.876426875Z","updateTime":"2026-01-23T17:41:41.520236975Z","retainedReleaseCount":10,"expireTime":"2026-01-30T17:41:41.520236975Z"}
[debug] [2026-01-23T17:44:33.326Z] Checked if tokens are valid: true, expires at: 1769193342608
[debug] [2026-01-23T17:44:33.327Z] Checked if tokens are valid: true, expires at: 1769193342608
[debug] [2026-01-23T17:44:33.328Z] >>> [apiv2][query] PATCH https://firebasehosting.googleapis.com/v1beta1/projects/studio-4224486386-c415c/sites/studio-4224486386-c415c/channels/preview-temp updateMask=ttl
[debug] [2026-01-23T17:44:33.341Z] >>> [apiv2][body] PATCH https://firebasehosting.googleapis.com/v1beta1/projects/studio-4224486386-c415c/sites/studio-4224486386-c415c/channels/preview-temp {"ttl":"604800s"}
[debug] [2026-01-23T17:44:33.695Z] <<< [apiv2][status] PATCH https://firebasehosting.googleapis.com/v1beta1/projects/studio-4224486386-c415c/sites/studio-4224486386-c415c/channels/preview-temp 200
[debug] [2026-01-23T17:44:33.695Z] <<< [apiv2][body] PATCH https://firebasehosting.googleapis.com/v1beta1/projects/studio-4224486386-c415c/sites/studio-4224486386-c415c/channels/preview-temp {"name":"projects/studio-4224486386-c415c/sites/studio-4224486386-c415c/channels/preview-temp","url":"https://studio-4224486386-c415c--preview-temp-vc8q6feb.web.app","createTime":"2026-01-23T17:37:20.876426875Z","updateTime":"2026-01-23T17:44:33.476794474Z","retainedReleaseCount":10,"expireTime":"2026-01-30T17:44:33.476794474Z"}
[debug] [2026-01-23T17:44:33.696Z] [hosting] updated TTL for existing channel for site studio-4224486386-c415c {"name":"projects/studio-4224486386-c415c/sites/studio-4224486386-c415c/channels/preview-temp","url":"https://studio-4224486386-c415c--preview-temp-vc8q6feb.web.app","createTime":"2026-01-23T17:37:20.876426875Z","updateTime":"2026-01-23T17:44:33.476794474Z","retainedReleaseCount":10,"expireTime":"2026-01-30T17:44:33.476794474Z"}
[info] 
   Thank you for trying our early preview of Next.js support on Firebase Hosting.
   During the preview, support is best-effort and breaking changes can be expected. Proceed with caution.
   The integration is known to work with Next.js version 12 - 15.0. You may encounter errors.

   Documentation: https://firebase.google.com/docs/hosting/frameworks/nextjs
   File a bug: https://github.com/firebase/firebase-tools/issues/new?template=bug_report.md
   Submit a feature request: https://github.com/firebase/firebase-tools/issues/new?template=feature_request.md

   We'd love to learn from you. Express your interest in helping us shape the future of Firebase Hosting: https://goo.gle/41enW5X

[debug] [2026-01-23T17:44:45.458Z] Checked if tokens are valid: true, expires at: 1769193342608
[debug] [2026-01-23T17:44:45.459Z] Checked if tokens are valid: true, expires at: 1769193342608
[debug] [2026-01-23T17:44:45.459Z] >>> [apiv2][query] GET https://firebasehosting.googleapis.com/v1beta1/projects/studio-4224486386-c415c/sites/studio-4224486386-c415c/channels/preview-temp [none]
[debug] [2026-01-23T17:44:46.617Z] <<< [apiv2][status] GET https://firebasehosting.googleapis.com/v1beta1/projects/studio-4224486386-c415c/sites/studio-4224486386-c415c/channels/preview-temp 200
[debug] [2026-01-23T17:44:46.617Z] <<< [apiv2][body] GET https://firebasehosting.googleapis.com/v1beta1/projects/studio-4224486386-c415c/sites/studio-4224486386-c415c/channels/preview-temp {"name":"projects/studio-4224486386-c415c/sites/studio-4224486386-c415c/channels/preview-temp","url":"https://studio-4224486386-c415c--preview-temp-vc8q6feb.web.app","createTime":"2026-01-23T17:37:20.876426875Z","updateTime":"2026-01-23T17:44:33.476794474Z","retainedReleaseCount":10,"expireTime":"2026-01-30T17:44:33.476794474Z"}
[info] ▲ Next.js 16.1.1 (Turbopack)

[info] - Environments: .env


[info]   Creating an optimized production build ...

[info] 

[info] [539.59ms] [@tailwindcss/postcss] app\globals.css
[  0.08ms]   ↳ Quick bail check
[ 53.77ms]   ↳ Setup compiler
[  0.49ms]     ↳ PostCSS AST -> Tailwind CSS AST
[ 53.25ms]     ↳ Create compiler
[  0.58ms]   ↳ Register full rebuild paths
[  8.18ms]   ↳ Setup scanner
[206.50ms]   ↳ Scan for candidates
[ 71.62ms]   ↳ Register dependency messages
[106.35ms]   ↳ Build utilities
[ 82.64ms]   ↳ Optimization
[  5.57ms]     ↳ AST -> CSS
[ 53.95ms]     ↳ Lightning CSS
[ 23.06ms]     ↳ CSS -> PostCSS AST
[  9.22ms]   ↳ Update PostCSS AST


[info] ✓ Compiled successfully in 4.8s

[info]   Skipping validation of types

[info]   Collecting page data using 11 workers ...

[info]   Generating static pages using 11 workers (0/3) ...

[info] ✓ Generating static pages using 11 workers (3/3) in 753.5ms

[info]   Finalizing page optimization ...

[info] 

[info] Route (app)
┌ ○ /
└ ○ /_not-found


[info] 
○  (Static)  prerendered as static content


[info] Building a Cloud Function to run this application. This is needed due to:
[info]  • route with server action /
[info] 
[debug] [2026-01-23T17:45:00.847Z] skipping / due to server action
[debug] [2026-01-23T17:45:06.638Z] Checked if tokens are valid: true, expires at: 1769193342608
[debug] [2026-01-23T17:45:06.638Z] Checked if tokens are valid: true, expires at: 1769193342608
[debug] [2026-01-23T17:45:06.639Z] >>> [apiv2][query] GET https://firebasehosting.googleapis.com/v1beta1/projects/studio-4224486386-c415c/sites/studio-4224486386-c415c/channels/preview-temp [none]
[debug] [2026-01-23T17:45:07.804Z] <<< [apiv2][status] GET https://firebasehosting.googleapis.com/v1beta1/projects/studio-4224486386-c415c/sites/studio-4224486386-c415c/channels/preview-temp 200
[debug] [2026-01-23T17:45:07.804Z] <<< [apiv2][body] GET https://firebasehosting.googleapis.com/v1beta1/projects/studio-4224486386-c415c/sites/studio-4224486386-c415c/channels/preview-temp {"name":"projects/studio-4224486386-c415c/sites/studio-4224486386-c415c/channels/preview-temp","url":"https://studio-4224486386-c415c--preview-temp-vc8q6feb.web.app","createTime":"2026-01-23T17:37:20.876426875Z","updateTime":"2026-01-23T17:44:33.476794474Z","retainedReleaseCount":10,"expireTime":"2026-01-30T17:44:33.476794474Z"}
[debug] [2026-01-23T17:45:21.939Z] [web frameworks] effective firebase.json:  {
  "hosting": [
    {
      "source": ".",
      "ignore": [
        "firebase.json",
        "**/.*",
        "**/node_modules/**"
      ],
      "frameworksBackend": {
        "region": "us-central1"
      },
      "site": "studio-4224486386-c415c",
      "rewrites": [
        {
          "source": "**",
          "function": {
            "functionId": "ssrstudio4224486386c415",
            "region": "us-central1",
            "pinTag": true
          }
        }
      ],
      "redirects": [],
      "headers": [
        {
          "source": "/_global-error",
          "headers": [
            {
              "key": "x-nextjs-stale-time",
              "value": "300"
            },
            {
              "key": "x-nextjs-prerender",
              "value": "1"
            },
            {
              "key": "x-next-cache-tags",
              "value": "_N_T_/layout,_N_T_/_global-error/layout,_N_T_/_global-error/page,_N_T_/_global-error"
            }
          ]
        },
        {
          "source": "/_not-found",
          "headers": [
            {
              "key": "x-nextjs-stale-time",
              "value": "300"
            },
            {
              "key": "x-nextjs-prerender",
              "value": "1"
            },
            {
              "key": "x-next-cache-tags",
              "value": "_N_T_/layout,_N_T_/_not-found/layout,_N_T_/_not-found/page,_N_T_/_not-found"
            }
          ]
        }
      ],
      "cleanUrls": true,
      "trailingSlash": false,
      "public": ".firebase\\studio-4224486386-c415c\\hosting",
      "webFramework": "next_ssr"
    }
  ],
  "functions": [
    {
      "source": ".firebase\\studio-4224486386-c415c\\functions",
      "codebase": "firebase-frameworks-studio-4224486386-c415c"
    }
  ]
}
[debug] [2026-01-23T17:45:21.941Z] > command requires scopes: ["email","openid","https://www.googleapis.com/auth/cloudplatformprojects.readonly","https://www.googleapis.com/auth/firebase","https://www.googleapis.com/auth/cloud-platform"]
[debug] [2026-01-23T17:45:21.942Z] > authorizing via signed-in user (aabbalal2@gmail.com)
[debug] [2026-01-23T17:45:21.943Z] [iam] checking project studio-4224486386-c415c for permissions ["cloudfunctions.functions.create","cloudfunctions.functions.delete","cloudfunctions.functions.get","cloudfunctions.functions.list","cloudfunctions.functions.update","cloudfunctions.operations.get","firebase.projects.get"]
[debug] [2026-01-23T17:45:21.943Z] Checked if tokens are valid: true, expires at: 1769193342608
[debug] [2026-01-23T17:45:21.944Z] Checked if tokens are valid: true, expires at: 1769193342608
[debug] [2026-01-23T17:45:21.944Z] >>> [apiv2][query] POST https://cloudresourcemanager.googleapis.com/v1/projects/studio-4224486386-c415c:testIamPermissions [none]
[debug] [2026-01-23T17:45:21.944Z] >>> [apiv2][(partial)header] POST https://cloudresourcemanager.googleapis.com/v1/projects/studio-4224486386-c415c:testIamPermissions x-goog-quota-user=projects/studio-4224486386-c415c
[debug] [2026-01-23T17:45:21.944Z] >>> [apiv2][body] POST https://cloudresourcemanager.googleapis.com/v1/projects/studio-4224486386-c415c:testIamPermissions {"permissions":["cloudfunctions.functions.create","cloudfunctions.functions.delete","cloudfunctions.functions.get","cloudfunctions.functions.list","cloudfunctions.functions.update","cloudfunctions.operations.get","firebase.projects.get"]}
[debug] [2026-01-23T17:45:22.826Z] <<< [apiv2][status] POST https://cloudresourcemanager.googleapis.com/v1/projects/studio-4224486386-c415c:testIamPermissions 200
[debug] [2026-01-23T17:45:22.827Z] <<< [apiv2][body] POST https://cloudresourcemanager.googleapis.com/v1/projects/studio-4224486386-c415c:testIamPermissions {"permissions":["cloudfunctions.functions.create","cloudfunctions.functions.delete","cloudfunctions.functions.get","cloudfunctions.functions.list","cloudfunctions.functions.update","cloudfunctions.operations.get","firebase.projects.get"]}
[debug] [2026-01-23T17:45:22.828Z] Checked if tokens are valid: true, expires at: 1769193342608
[debug] [2026-01-23T17:45:22.829Z] Checked if tokens are valid: true, expires at: 1769193342608
[debug] [2026-01-23T17:45:22.829Z] >>> [apiv2][query] GET https://cloudfunctions.googleapis.com/v1/projects/studio-4224486386-c415c/locations/-/functions [none]
[debug] [2026-01-23T17:45:23.470Z] <<< [apiv2][status] GET https://cloudfunctions.googleapis.com/v1/projects/studio-4224486386-c415c/locations/-/functions 403
[debug] [2026-01-23T17:45:23.472Z] <<< [apiv2][body] GET https://cloudfunctions.googleapis.com/v1/projects/studio-4224486386-c415c/locations/-/functions {"error":{"code":403,"message":"Cloud Functions API has not been used in project studio-4224486386-c415c before or it is disabled. Enable it by visiting https://console.developers.google.com/apis/api/cloudfunctions.googleapis.com/overview?project=studio-4224486386-c415c then retry. If you enabled this API recently, wait a few minutes for the action to propagate to our systems and retry.","status":"PERMISSION_DENIED","details":[{"@type":"type.googleapis.com/google.rpc.ErrorInfo","reason":"SERVICE_DISABLED","domain":"googleapis.com","metadata":{"serviceTitle":"Cloud Functions API","containerInfo":"studio-4224486386-c415c","consumer":"projects/studio-4224486386-c415c","activationUrl":"https://console.developers.google.com/apis/api/cloudfunctions.googleapis.com/overview?project=studio-4224486386-c415c","service":"cloudfunctions.googleapis.com"}},{"@type":"type.googleapis.com/google.rpc.LocalizedMessage","locale":"en-US","message":"Cloud Functions API has not been used in project studio-4224486386-c415c before or it is disabled. Enable it by visiting https://console.developers.google.com/apis/api/cloudfunctions.googleapis.com/overview?project=studio-4224486386-c415c then retry. If you enabled this API recently, wait a few minutes for the action to propagate to our systems and retry."},{"@type":"type.googleapis.com/google.rpc.Help","links":[{"description":"Google developers console API activation","url":"https://console.developers.google.com/apis/api/cloudfunctions.googleapis.com/overview?project=studio-4224486386-c415c"}]}]}}
[debug] [2026-01-23T17:45:23.474Z] [functions] failed to list functions for studio-4224486386-c415c
[debug] [2026-01-23T17:45:23.475Z] [functions] Request to https://cloudfunctions.googleapis.com/v1/projects/studio-4224486386-c415c/locations/-/functions had HTTP Error: 403, Cloud Functions API has not been used in project studio-4224486386-c415c before or it is disabled. Enable it by visiting https://console.developers.google.com/apis/api/cloudfunctions.googleapis.com/overview?project=studio-4224486386-c415c then retry. If you enabled this API recently, wait a few minutes for the action to propagate to our systems and retry.
[debug] [2026-01-23T17:45:23.775Z] FirebaseError: Request to https://cloudfunctions.googleapis.com/v1/projects/studio-4224486386-c415c/locations/-/functions had HTTP Error: 403, Cloud Functions API has not been used in project studio-4224486386-c415c before or it is disabled. Enable it by visiting https://console.developers.google.com/apis/api/cloudfunctions.googleapis.com/overview?project=studio-4224486386-c415c then retry. If you enabled this API recently, wait a few minutes for the action to propagate to our systems and retry.
    at responseToError (C:\Users\--------------------\AppData\Roaming\npm\node_modules\firebase-tools\lib\responseToError.js:53:12)
    at RetryOperation._fn (C:\Users\--------------------\AppData\Roaming\npm\node_modules\firebase-tools\lib\apiv2.js:320:77)
    at process.processTicksAndRejections (node:internal/process/task_queues:103:5)
[error] 
[error] Error: Failed to list functions for studio-4224486386-c415c
